Arguments: 
  /Users/ayushmenon/.nvm/versions/node/v15.11.0/bin/node /usr/local/bin/yarn init

PATH: 
  /Users/ayushmenon/.nvm/versions/node/v15.11.0/bin:/usr/local/opt/openjdk/bin:/usr/local/opt/node@10/bin:/Users/ayushmenon/.pyenv/shims:/Users/ayushmenon/google-cloud-sdk/bin:/usr/local/bin:/usr/bin:/bin:/usr/sbin:/sbin:/usr/local/go/bin:/Users/ayushmenon/.cargo/bin:/Users/ayushmenon/go/bin

Yarn version: 
  1.22.10

Node version: 
  15.11.0

Platform: 
  darwin x64

Trace: 
  Error: canceled
      at Interface.<anonymous> (/usr/local/lib/node_modules/yarn/lib/cli.js:136216:13)
      at Interface.emit (node:events:378:20)
      at Interface._ttyWrite (node:readline:973:16)
      at ReadStream.onkeypress (node:readline:259:10)
      at ReadStream.emit (node:events:378:20)
      at emitKeys (node:internal/readline/utils:358:14)
      at emitKeys.next (<anonymous>)
      at ReadStream.onData (node:readline:1242:36)
      at ReadStream.emit (node:events:378:20)
      at addChunk (node:internal/streams/readable:313:12)

npm manifest: 
  No manifest

yarn manifest: 
  No manifest

Lockfile: 
  No lockfile
